MotionRecognition/openCVLibrary341/build/intermediates/manifest_merge_blame_file/debug/manifest-merger-blame-debug-report.txt
1<?xml version="1.0" encoding="utf-8"?>
2<manifest xmlns:android="http://schemas.android.com/apk/res/android"
3    package="org.opencv"
4    android:versionCode="3410"
5    android:versionName="3.4.1" >
6
7    <uses-sdk
8        android:minSdkVersion="23"
8-->openCVLibrary341\java\AndroidManifest.xml
9        android:targetSdkVersion="26" />
9-->openCVLibrary341\java\AndroidManifest.xml
10
11    <uses-permission android:name="android.permission.CAMERA" />
11-->openCVLibrary341\java\AndroidManifest.xml:8:5-65
11-->openCVLibrary341\java\AndroidManifest.xml:8:22-62
12
13</manifest>